2020-09-22 14:19:56: == Sync Started by User Command
2020-09-22 14:19:56: Create Folder '/Users/itaki-ryzen-dev/Dropbox/Hackintosh/OpenCore 0.6/EFIs/AMD_OC_Ryzen-master-v11 OC0.5.9 updated kexts/EFI/OC/Kexts/RadeonBoost-v1-3.kext'
2020-09-22 14:19:56: Create Folder '/Users/itaki-ryzen-dev/Dropbox/Hackintosh/OpenCore 0.6/EFIs/AMD_OC_Ryzen-master-v11 OC0.5.9 updated kexts/EFI/OC/Kexts/RadeonBoost-v1-3.kext/Contents'
2020-09-22 14:19:56: Copy New '/Users/itaki-ryzen-dev/Dropbox/Hackintosh/OpenCore 0.6/EFIs/AMD_OC_Ryzen-master-v10 OC0.5.9/EFI/OC/ACPI/SSDT-DTPG.aml' -> '/Users/itaki-ryzen-dev/Dropbox/Hackintosh/OpenCore 0.6/EFIs/AMD_OC_Ryzen-master-v11 OC0.5.9 updated kexts/EFI/OC/ACPI/SSDT-DTPG.aml' (115)
2020-09-22 14:19:56: Copy New '/Users/itaki-ryzen-dev/Dropbox/Hackintosh/OpenCore 0.6/EFIs/AMD_OC_Ryzen-master-v10 OC0.5.9/EFI/OC/ACPI/SSDT-EC-USBX-AMD.aml' -> '/Users/itaki-ryzen-dev/Dropbox/Hackintosh/OpenCore 0.6/EFIs/AMD_OC_Ryzen-master-v11 OC0.5.9 updated kexts/EFI/OC/ACPI/SSDT-EC-USBX-AMD.aml' (349)
2020-09-22 14:19:56: Copy New '/Users/itaki-ryzen-dev/Dropbox/Hackintosh/OpenCore 0.6/EFIs/AMD_OC_Ryzen-master-v10 OC0.5.9/EFI/OC/ACPI/SSDT-EC-USBX.aml' -> '/Users/itaki-ryzen-dev/Dropbox/Hackintosh/OpenCore 0.6/EFIs/AMD_OC_Ryzen-master-v11 OC0.5.9 updated kexts/EFI/OC/ACPI/SSDT-EC-USBX.aml' (278)
2020-09-22 14:19:56: Copy New '/Users/itaki-ryzen-dev/Dropbox/Hackintosh/OpenCore 0.6/EFIs/AMD_OC_Ryzen-master-v10 OC0.5.9/EFI/OC/ACPI/SSDT-EC.aml' -> '/Users/itaki-ryzen-dev/Dropbox/Hackintosh/OpenCore 0.6/EFIs/AMD_OC_Ryzen-master-v11 OC0.5.9 updated kexts/EFI/OC/ACPI/SSDT-EC.aml' (91)
2020-09-22 14:19:56: Copy New '/Users/itaki-ryzen-dev/Dropbox/Hackintosh/OpenCore 0.6/EFIs/AMD_OC_Ryzen-master-v10 OC0.5.9/EFI/OC/ACPI/SSDT-HPET.aml' -> '/Users/itaki-ryzen-dev/Dropbox/Hackintosh/OpenCore 0.6/EFIs/AMD_OC_Ryzen-master-v11 OC0.5.9 updated kexts/EFI/OC/ACPI/SSDT-HPET.aml' (74)
2020-09-22 14:19:56: Copy New '/Users/itaki-ryzen-dev/Dropbox/Hackintosh/OpenCore 0.6/EFIs/AMD_OC_Ryzen-master-v10 OC0.5.9/EFI/OC/ACPI/SSDT-NVME.aml' -> '/Users/itaki-ryzen-dev/Dropbox/Hackintosh/OpenCore 0.6/EFIs/AMD_OC_Ryzen-master-v11 OC0.5.9 updated kexts/EFI/OC/ACPI/SSDT-NVME.aml' (281)
2020-09-22 14:19:56: Copy New '/Users/itaki-ryzen-dev/Dropbox/Hackintosh/OpenCore 0.6/EFIs/AMD_OC_Ryzen-master-v10 OC0.5.9/EFI/OC/ACPI/SSDT-PLUG.aml' -> '/Users/itaki-ryzen-dev/Dropbox/Hackintosh/OpenCore 0.6/EFIs/AMD_OC_Ryzen-master-v11 OC0.5.9 updated kexts/EFI/OC/ACPI/SSDT-PLUG.aml' (113)
2020-09-22 14:19:56: Copy New '/Users/itaki-ryzen-dev/Dropbox/Hackintosh/OpenCore 0.6/EFIs/AMD_OC_Ryzen-master-v10 OC0.5.9/EFI/OC/ACPI/SSDT-SBRG.aml' -> '/Users/itaki-ryzen-dev/Dropbox/Hackintosh/OpenCore 0.6/EFIs/AMD_OC_Ryzen-master-v11 OC0.5.9 updated kexts/EFI/OC/ACPI/SSDT-SBRG.aml' (180)
2020-09-22 14:19:56: Copy New '/Users/itaki-ryzen-dev/Dropbox/Hackintosh/OpenCore 0.6/EFIs/AMD_OC_Ryzen-master-v10 OC0.5.9/EFI/OC/ACPI/SSDT-USBX.aml' -> '/Users/itaki-ryzen-dev/Dropbox/Hackintosh/OpenCore 0.6/EFIs/AMD_OC_Ryzen-master-v11 OC0.5.9 updated kexts/EFI/OC/ACPI/SSDT-USBX.aml' (189)
2020-09-22 14:19:56: Copy New '/Users/itaki-ryzen-dev/Dropbox/Hackintosh/OpenCore 0.6/EFIs/AMD_OC_Ryzen-master-v10 OC0.5.9/EFI/OC/ACPI/SSDT-X570-5-AmdTable.aml' -> '/Users/itaki-ryzen-dev/Dropbox/Hackintosh/OpenCore 0.6/EFIs/AMD_OC_Ryzen-master-v11 OC0.5.9 updated kexts/EFI/OC/ACPI/SSDT-X570-5-AmdTable.aml' (2,334)
2020-09-22 14:19:56: Copy New '/Users/itaki-ryzen-dev/Dropbox/Hackintosh/OpenCore 0.6/EFIs/AMD_OC_Ryzen-master-v10 OC0.5.9/EFI/OC/ACPI/SSDT-X570-6-AmdTable.aml' -> '/Users/itaki-ryzen-dev/Dropbox/Hackintosh/OpenCore 0.6/EFIs/AMD_OC_Ryzen-master-v11 OC0.5.9 updated kexts/EFI/OC/ACPI/SSDT-X570-6-AmdTable.aml' (7,543)
2020-09-22 14:19:56: Copy New '/Users/itaki-ryzen-dev/Dropbox/Hackintosh/OpenCore 0.6/EFIs/AMD_OC_Ryzen-master-v10 OC0.5.9/EFI/OC/ACPI/SSDT-X570-AQC107.aml' -> '/Users/itaki-ryzen-dev/Dropbox/Hackintosh/OpenCore 0.6/EFIs/AMD_OC_Ryzen-master-v11 OC0.5.9 updated kexts/EFI/OC/ACPI/SSDT-X570-AQC107.aml' (380)
2020-09-22 14:19:56: Copy New '/Users/itaki-ryzen-dev/Dropbox/Hackintosh/OpenCore 0.6/EFIs/AMD_OC_Ryzen-master-v10 OC0.5.9/EFI/OC/ACPI/SSDT-X570-BXBR_BYUP_BYD8_XHC2.aml' -> '/Users/itaki-ryzen-dev/Dropbox/Hackintosh/OpenCore 0.6/EFIs/AMD_OC_Ryzen-master-v11 OC0.5.9 updated kexts/EFI/OC/ACPI/SSDT-X570-BXBR_BYUP_BYD8_XHC2.aml' (475)
2020-09-22 14:19:56: Copy New '/Users/itaki-ryzen-dev/Dropbox/Hackintosh/OpenCore 0.6/EFIs/AMD_OC_Ryzen-master-v10 OC0.5.9/EFI/OC/ACPI/SSDT-X570-BXBR_BYUP_BYD8_XHCI-Int_BT.aml' -> '/Users/itaki-ryzen-dev/Dropbox/Hackintosh/OpenCore 0.6/EFIs/AMD_OC_Ryzen-master-v11 OC0.5.9 updated kexts/EFI/OC/ACPI/SSDT-X570-BXBR_BYUP_BYD8_XHCI-Int_BT.aml' (476)
2020-09-22 14:19:56: Copy New '/Users/itaki-ryzen-dev/Dropbox/Hackintosh/OpenCore 0.6/EFIs/AMD_OC_Ryzen-master-v10 OC0.5.9/EFI/OC/ACPI/SSDT-X570-BXBR_BYUP_BYD8_XHCI-PCIe_BT.aml' -> '/Users/itaki-ryzen-dev/Dropbox/Hackintosh/OpenCore 0.6/EFIs/AMD_OC_Ryzen-master-v11 OC0.5.9 updated kexts/EFI/OC/ACPI/SSDT-X570-BXBR_BYUP_BYD8_XHCI-PCIe_BT.aml' (565)
2020-09-22 14:19:56: Copy New '/Users/itaki-ryzen-dev/Dropbox/Hackintosh/OpenCore 0.6/EFIs/AMD_OC_Ryzen-master-v10 OC0.5.9/EFI/OC/ACPI/SSDT-X570-Cr-TB3-basic.aml' -> '/Users/itaki-ryzen-dev/Dropbox/Hackintosh/OpenCore 0.6/EFIs/AMD_OC_Ryzen-master-v11 OC0.5.9 updated kexts/EFI/OC/ACPI/SSDT-X570-Cr-TB3-basic.aml' (4,005)
2020-09-22 14:19:56: Copy New '/Users/itaki-ryzen-dev/Dropbox/Hackintosh/OpenCore 0.6/EFIs/AMD_OC_Ryzen-master-v10 OC0.5.9/EFI/OC/ACPI/SSDT-X570-Cr-TB3-BuiltIn.aml' -> '/Users/itaki-ryzen-dev/Dropbox/Hackintosh/OpenCore 0.6/EFIs/AMD_OC_Ryzen-master-v11 OC0.5.9 updated kexts/EFI/OC/ACPI/SSDT-X570-Cr-TB3-BuiltIn.aml' (2,428)
2020-09-22 14:19:56: Copy New '/Users/itaki-ryzen-dev/Dropbox/Hackintosh/OpenCore 0.6/EFIs/AMD_OC_Ryzen-master-v10 OC0.5.9/EFI/OC/ACPI/SSDT-X570-Cr-TB3-GPP9-AR-slot-4.aml' -> '/Users/itaki-ryzen-dev/Dropbox/Hackintosh/OpenCore 0.6/EFIs/AMD_OC_Ryzen-master-v11 OC0.5.9 updated kexts/EFI/OC/ACPI/SSDT-X570-Cr-TB3-GPP9-AR-slot-4.aml' (2,459)
2020-09-22 14:19:56: Copy New '/Users/itaki-ryzen-dev/Dropbox/Hackintosh/OpenCore 0.6/EFIs/AMD_OC_Ryzen-master-v10 OC0.5.9/EFI/OC/ACPI/SSDT-X570-Cr-TB3-GPP9-TR-slot-4.aml' -> '/Users/itaki-ryzen-dev/Dropbox/Hackintosh/OpenCore 0.6/EFIs/AMD_OC_Ryzen-master-v11 OC0.5.9 updated kexts/EFI/OC/ACPI/SSDT-X570-Cr-TB3-GPP9-TR-slot-4.aml' (2,410)
2020-09-22 14:19:56: Copy New '/Users/itaki-ryzen-dev/Dropbox/Hackintosh/OpenCore 0.6/EFIs/AMD_OC_Ryzen-master-v10 OC0.5.9/EFI/OC/ACPI/SSDT-X570-GP13_XHC3.aml' -> '/Users/itaki-ryzen-dev/Dropbox/Hackintosh/OpenCore 0.6/EFIs/AMD_OC_Ryzen-master-v11 OC0.5.9 updated kexts/EFI/OC/ACPI/SSDT-X570-GP13_XHC3.aml' (386)
2020-09-22 14:19:56: Copy New '/Users/itaki-ryzen-dev/Dropbox/Hackintosh/OpenCore 0.6/EFIs/AMD_OC_Ryzen-master-v10 OC0.5.9/EFI/OC/ACPI/SSDT-X570-NO-CNVW.aml' -> '/Users/itaki-ryzen-dev/Dropbox/Hackintosh/OpenCore 0.6/EFIs/AMD_OC_Ryzen-master-v11 OC0.5.9 updated kexts/EFI/OC/ACPI/SSDT-X570-NO-CNVW.aml' (141)
2020-09-22 14:19:56: Copy New '/Users/itaki-ryzen-dev/Dropbox/Hackintosh/OpenCore 0.6/EFIs/AMD_OC_Ryzen-master-v10 OC0.5.9/EFI/OC/ACPI/SSDT-X570-NVMe-ANS1-GPP0-noTB.aml' -> '/Users/itaki-ryzen-dev/Dropbox/Hackintosh/OpenCore 0.6/EFIs/AMD_OC_Ryzen-master-v11 OC0.5.9 updated kexts/EFI/OC/ACPI/SSDT-X570-NVMe-ANS1-GPP0-noTB.aml' (322)
2020-09-22 14:19:56: Copy New '/Users/itaki-ryzen-dev/Dropbox/Hackintosh/OpenCore 0.6/EFIs/AMD_OC_Ryzen-master-v10 OC0.5.9/EFI/OC/ACPI/SSDT-X570-NVMe-ANS1-GPP2-withTB.aml' -> '/Users/itaki-ryzen-dev/Dropbox/Hackintosh/OpenCore 0.6/EFIs/AMD_OC_Ryzen-master-v11 OC0.5.9 updated kexts/EFI/OC/ACPI/SSDT-X570-NVMe-ANS1-GPP2-withTB.aml' (322)
2020-09-22 14:19:56: Copy New '/Users/itaki-ryzen-dev/Dropbox/Hackintosh/OpenCore 0.6/EFIs/AMD_OC_Ryzen-master-v10 OC0.5.9/EFI/OC/ACPI/SSDT-X570-NVMe-ANS2-BXBR-BYD1.aml' -> '/Users/itaki-ryzen-dev/Dropbox/Hackintosh/OpenCore 0.6/EFIs/AMD_OC_Ryzen-master-v11 OC0.5.9 updated kexts/EFI/OC/ACPI/SSDT-X570-NVMe-ANS2-BXBR-BYD1.aml' (337)
2020-09-22 14:19:56: Copy New '/Users/itaki-ryzen-dev/Dropbox/Hackintosh/OpenCore 0.6/EFIs/AMD_OC_Ryzen-master-v10 OC0.5.9/EFI/OC/ACPI/SSDT-X570-RadeonVII-slot-1.aml' -> '/Users/itaki-ryzen-dev/Dropbox/Hackintosh/OpenCore 0.6/EFIs/AMD_OC_Ryzen-master-v11 OC0.5.9 updated kexts/EFI/OC/ACPI/SSDT-X570-RadeonVII-slot-1.aml' (2,385)
2020-09-22 14:19:56: Copy New '/Users/itaki-ryzen-dev/Dropbox/Hackintosh/OpenCore 0.6/EFIs/AMD_OC_Ryzen-master-v10 OC0.5.9/EFI/OC/ACPI/SSDT-X570-RX5500XT-slot-1.aml' -> '/Users/itaki-ryzen-dev/Dropbox/Hackintosh/OpenCore 0.6/EFIs/AMD_OC_Ryzen-master-v11 OC0.5.9 updated kexts/EFI/OC/ACPI/SSDT-X570-RX5500XT-slot-1.aml' (592)
2020-09-22 14:19:56: Copy New '/Users/itaki-ryzen-dev/Dropbox/Hackintosh/OpenCore 0.6/EFIs/AMD_OC_Ryzen-master-v10 OC0.5.9/EFI/OC/ACPI/SSDT-X570-RX5700XT-slot-1.aml' -> '/Users/itaki-ryzen-dev/Dropbox/Hackintosh/OpenCore 0.6/EFIs/AMD_OC_Ryzen-master-v11 OC0.5.9 updated kexts/EFI/OC/ACPI/SSDT-X570-RX5700XT-slot-1.aml' (2,375)
2020-09-22 14:19:56: Copy New '/Users/itaki-ryzen-dev/Dropbox/Hackintosh/OpenCore 0.6/EFIs/AMD_OC_Ryzen-master-v10 OC0.5.9/EFI/OC/ACPI/SSDT-X570-RX580-slot-1.aml' -> '/Users/itaki-ryzen-dev/Dropbox/Hackintosh/OpenCore 0.6/EFIs/AMD_OC_Ryzen-master-v11 OC0.5.9 updated kexts/EFI/OC/ACPI/SSDT-X570-RX580-slot-1.aml' (684)
2020-09-22 14:19:56: Copy New '/Users/itaki-ryzen-dev/Dropbox/Hackintosh/OpenCore 0.6/EFIs/AMD_OC_Ryzen-master-v10 OC0.5.9/EFI/OC/ACPI/SSDT-X570-TB-PWR-Builtin.aml' -> '/Users/itaki-ryzen-dev/Dropbox/Hackintosh/OpenCore 0.6/EFIs/AMD_OC_Ryzen-master-v11 OC0.5.9 updated kexts/EFI/OC/ACPI/SSDT-X570-TB-PWR-Builtin.aml' (138)
2020-09-22 14:19:56: Copy New '/Users/itaki-ryzen-dev/Dropbox/Hackintosh/OpenCore 0.6/EFIs/AMD_OC_Ryzen-master-v10 OC0.5.9/EFI/OC/ACPI/SSDT-X570-Vega56-slot-1.aml' -> '/Users/itaki-ryzen-dev/Dropbox/Hackintosh/OpenCore 0.6/EFIs/AMD_OC_Ryzen-master-v11 OC0.5.9 updated kexts/EFI/OC/ACPI/SSDT-X570-Vega56-slot-1.aml' (1,473)
2020-09-22 14:19:56: Copy New '/Users/itaki-ryzen-dev/Dropbox/Hackintosh/OpenCore 0.6/EFIs/AMD_OC_Ryzen-master-v10 OC0.5.9/EFI/OC/ACPI/SSDT-X570-Vega64-slot-1.aml' -> '/Users/itaki-ryzen-dev/Dropbox/Hackintosh/OpenCore 0.6/EFIs/AMD_OC_Ryzen-master-v11 OC0.5.9 updated kexts/EFI/OC/ACPI/SSDT-X570-Vega64-slot-1.aml' (1,488)
2020-09-22 14:19:56: Copy New '/Users/itaki-ryzen-dev/Dropbox/Hackintosh/OpenCore 0.6/EFIs/AMD_OC_Ryzen-master-v10 OC0.5.9/EFI/OC/ACPI/SSDT-XHC.aml' -> '/Users/itaki-ryzen-dev/Dropbox/Hackintosh/OpenCore 0.6/EFIs/AMD_OC_Ryzen-master-v11 OC0.5.9 updated kexts/EFI/OC/ACPI/SSDT-XHC.aml' (2,307)
2020-09-22 14:19:56: /OC/config.plist: unresolved conflict results in No Copy
2020-09-22 14:19:56: /OC/Kexts/AMDRyzenCPUPowerManagement.kext/Contents/_CodeSignature/CodeResources: unresolved conflict results in No Copy
2020-09-22 14:19:56: /OC/Kexts/AMDRyzenCPUPowerManagement.kext/Contents/Info.plist: unresolved conflict results in No Copy
2020-09-22 14:19:56: /OC/Kexts/AMDRyzenCPUPowerManagement.kext/Contents/MacOS/AMDRyzenCPUPowerManagement: unresolved conflict results in No Copy
2020-09-22 14:19:56: /OC/Kexts/AppleALC.kext/Contents/Info.plist: unresolved conflict results in No Copy
2020-09-22 14:19:56: /OC/Kexts/AppleALC.kext/Contents/MacOS/AppleALC: unresolved conflict results in No Copy
2020-09-22 14:19:56: /OC/Kexts/BT4LEContinuityFixup.kext/Contents/Info.plist: unresolved conflict results in No Copy
2020-09-22 14:19:56: /OC/Kexts/BT4LEContinuityFixup.kext/Contents/MacOS/BT4LEContinuityFixup: unresolved conflict results in No Copy
2020-09-22 14:19:56: /OC/Kexts/HibernationFixup.kext/Contents/Info.plist: unresolved conflict results in No Copy
2020-09-22 14:19:56: /OC/Kexts/HibernationFixup.kext/Contents/MacOS/HibernationFixup: unresolved conflict results in No Copy
2020-09-22 14:19:56: /OC/Kexts/Lilu.kext/Contents/Info.plist: unresolved conflict results in No Copy
2020-09-22 14:19:56: /OC/Kexts/Lilu.kext/Contents/MacOS/Lilu: unresolved conflict results in No Copy
2020-09-22 14:19:56: Copy New '/Users/itaki-ryzen-dev/Dropbox/Hackintosh/OpenCore 0.6/EFIs/AMD_OC_Ryzen-master-v10 OC0.5.9/EFI/OC/Kexts/RadeonBoost-v1-3.kext/Contents/Info.plist' -> '/Users/itaki-ryzen-dev/Dropbox/Hackintosh/OpenCore 0.6/EFIs/AMD_OC_Ryzen-master-v11 OC0.5.9 updated kexts/EFI/OC/Kexts/RadeonBoost-v1-3.kext/Contents/Info.plist' (25,451)
2020-09-22 14:19:56: /OC/Kexts/RadeonBoost.kext/Contents/Info.plist: unresolved conflict results in No Copy
2020-09-22 14:19:56: /OC/Kexts/SMCAMDProcessor.kext/Contents/_CodeSignature/CodeResources: unresolved conflict results in No Copy
2020-09-22 14:19:56: /OC/Kexts/SMCAMDProcessor.kext/Contents/Info.plist: unresolved conflict results in No Copy
2020-09-22 14:19:56: /OC/Kexts/SMCAMDProcessor.kext/Contents/MacOS/SMCAMDProcessor: unresolved conflict results in No Copy
2020-09-22 14:19:56: /OC/Kexts/VirtualSMC.kext/Contents/Info.plist: unresolved conflict results in No Copy
2020-09-22 14:19:56: /OC/Kexts/VirtualSMC.kext/Contents/MacOS/VirtualSMC: unresolved conflict results in No Copy
2020-09-22 14:19:56: /OC/Kexts/WhateverGreen.kext/Contents/Info.plist: unresolved conflict results in No Copy
2020-09-22 14:19:56: /OC/Kexts/WhateverGreen.kext/Contents/MacOS/WhateverGreen: unresolved conflict results in No Copy
2020-09-22 14:19:56: /OC/Kexts/WhateverGreen.kext/Contents/MacOS/WhateverGreen: unresolved conflict results in No Copy
2020-09-22 14:19:56: == Sync Complete. Time: 00:00:00, Speed: 0.00/s, OK: 308, Errors: 0, Conflicts: 20
2020-09-22 14:19:56: 
